<?xml version="1.0" encoding="UTF-8"?>
<!-- Generated by org.testng.reporters.JUnitReportReporter -->
<testsuite skipped="0" hostname="BHUVANEK5" name="automation_sep.TestWebTable" tests="1" failures="0" timestamp="25 Sep 2018 17:03:17 GMT" time="0.026" errors="0">
  <testcase name="test" time="0.026" classname="automation_sep.TestWebTable"/>
</testsuite> <!-- automation_sep.TestWebTable -->
